<?xml version="1.0" encoding="UTF-8"?>
<!-- Generated by org.testng.reporters.JUnitXMLReporter -->
<testsuite ignored="5" hostname="DESKTOP-OGE7II3" failures="0" tests="1" name="Default test" time="21.768" errors="0" timestamp="2024-03-14T11:41:23 IST">
  <testcase classname="handlingpopups.HowToHandlePopUps" name="fileDownloadPopUp" time="15.756"/>
  <testcase classname="handlingpopups.HowToHandlePopUps" name="neglectYourHiddenDivisionPopup" time="0.0">
    <ignored/>
  </testcase> <!-- neglectYourHiddenDivisionPopup -->
  <testcase classname="handlingpopups.HowToHandlePopUps" name="notificationPopup" time="0.0">
    <ignored/>
  </testcase> <!-- notificationPopup -->
  <testcase classname="handlingpopups.HowToHandlePopUps" name="handleYourHiddenDivisionPopup" time="0.0">
    <ignored/>
  </testcase> <!-- handleYourHiddenDivisionPopup -->
  <testcase classname="handlingpopups.HowToHandlePopUps" name="alertWithOkanCancel" time="0.0">
    <ignored/>
  </testcase> <!-- alertWithOkanCancel -->
  <testcase classname="handlingpopups.HowToHandlePopUps" name="alertWithOk" time="0.0">
    <ignored/>
  </testcase> <!-- alertWithOk -->
</testsuite> <!-- Default test -->
