<?xml version="1.0" encoding="UTF-8"?>
<testng-results ignored="5" total="6" passed="1" failed="0" skipped="0">
  <reporter-output>
  </reporter-output>
  <suite started-at="2024-03-14T11:41:01 IST" name="Default suite" finished-at="2024-03-14T11:41:23 IST" duration-ms="21768">
    <groups>
    </groups>
    <test started-at="2024-03-14T11:41:01 IST" name="Default test" finished-at="2024-03-14T11:41:23 IST" duration-ms="21768">
      <class name="handlingpopups.HowToHandlePopUps">
        <test-method is-config="true" signature="preCondition()[pri:0, instance:handlingpopups.HowToHandlePopUps@48f278eb]" started-at="2024-03-14T11:41:01 IST" name="preCondition" finished-at="2024-03-14T11:41:07 IST" duration-ms="5927" status="PASS">
          <reporter-output>
          </reporter-output>
        </test-method> <!-- preCondition -->
        <test-method signature="fileDownloadPopUp()[pri:0, instance:handlingpopups.HowToHandlePopUps@48f278eb]" started-at="2024-03-14T11:41:07 IST" name="fileDownloadPopUp" finished-at="2024-03-14T11:41:23 IST" duration-ms="15756" status="PASS">
          <reporter-output>
          </reporter-output>
        </test-method> <!-- fileDownloadPopUp -->
      </class> <!-- handlingpopups.HowToHandlePopUps -->
    </test> <!-- Default test -->
  </suite> <!-- Default suite -->
</testng-results>
